<?xml version="1.0" encoding="UTF-8"?>
<testsuite xmlns:xsi="http://www.w3.org/2001/XMLSchema-instance" xsi:noNamespaceSchemaLocation="https://maven.apache.org/surefire/maven-surefire-plugin/xsd/surefire-test-report.xsd" name="com.tanhua.dubbo.api.TestDemo" time="0.39" tests="8" errors="0" skipped="0" failures="0">
  <properties>
    <property name="sun.desktop" value="windows"/>
    <property name="awt.toolkit" value="sun.awt.windows.WToolkit"/>
    <property name="file.encoding.pkg" value="sun.io"/>
    <property name="java.specification.version" value="1.8"/>
    <property name="sun.cpu.isalist" value="amd64"/>
    <property name="sun.jnu.encoding" value="GBK"/>
    <property name="java.class.path" value="H:\AllCode\projectCode\tanhua\tanhua-dubbo\tanhua-dubbo-service\target\test-classes;H:\AllCode\projectCode\tanhua\tanhua-dubbo\tanhua-dubbo-service\target\classes;H:\AllCode\projectCode\tanhua\tanhua-dubbo\tanhua-dubbo-interface\target\tanhua-dubbo-interface-1.0-SNAPSHOT.jar;H:\AllCode\projectCode\tanhua\tanhua-domain\target\tanhua-domain-1.0-SNAPSHOT.jar;F:\xuexi\repository\org\springframework\boot\spring-boot-starter-data-mongodb\2.1.0.RELEASE\spring-boot-starter-data-mongodb-2.1.0.RELEASE.jar;F:\xuexi\repository\org\mongodb\mongodb-driver\3.8.2\mongodb-driver-3.8.2.jar;F:\xuexi\repository\org\mongodb\bson\3.8.2\bson-3.8.2.jar;F:\xuexi\repository\org\mongodb\mongodb-driver-core\3.8.2\mongodb-driver-core-3.8.2.jar;F:\xuexi\repository\org\springframework\data\spring-data-mongodb\2.1.2.RELEASE\spring-data-mongodb-2.1.2.RELEASE.jar;F:\xuexi\repository\org\springframework\boot\spring-boot-starter-web\2.1.0.RELEASE\spring-boot-starter-web-2.1.0.RELEASE.jar;F:\xuexi\repository\org\springframework\boot\spring-boot-starter\2.1.0.RELEASE\spring-boot-starter-2.1.0.RELEASE.jar;F:\xuexi\repository\org\springframework\boot\spring-boot\2.1.0.RELEASE\spring-boot-2.1.0.RELEASE.jar;F:\xuexi\repository\org\springframework\boot\spring-boot-starter-logging\2.1.0.RELEASE\spring-boot-starter-logging-2.1.0.RELEASE.jar;F:\xuexi\repository\ch\qos\logback\logback-classic\1.2.3\logback-classic-1.2.3.jar;F:\xuexi\repository\ch\qos\logback\logback-core\1.2.3\logback-core-1.2.3.jar;F:\xuexi\repository\org\apache\logging\log4j\log4j-to-slf4j\2.11.1\log4j-to-slf4j-2.11.1.jar;F:\xuexi\repository\org\apache\logging\log4j\log4j-api\2.11.1\log4j-api-2.11.1.jar;F:\xuexi\repository\org\slf4j\jul-to-slf4j\1.7.25\jul-to-slf4j-1.7.25.jar;F:\xuexi\repository\javax\annotation\javax.annotation-api\1.3.2\javax.annotation-api-1.3.2.jar;F:\xuexi\repository\org\yaml\snakeyaml\1.23\snakeyaml-1.23.jar;F:\xuexi\repository\org\springframework\boot\spring-boot-starter-json\2.1.0.RELEASE\spring-boot-starter-json-2.1.0.RELEASE.jar;F:\xuexi\repository\com\fasterxml\jackson\datatype\jackson-datatype-jdk8\2.9.9\jackson-datatype-jdk8-2.9.9.jar;F:\xuexi\repository\com\fasterxml\jackson\datatype\jackson-datatype-jsr310\2.9.9\jackson-datatype-jsr310-2.9.9.jar;F:\xuexi\repository\com\fasterxml\jackson\module\jackson-module-parameter-names\2.9.9\jackson-module-parameter-names-2.9.9.jar;F:\xuexi\repository\org\springframework\boot\spring-boot-starter-tomcat\2.1.0.RELEASE\spring-boot-starter-tomcat-2.1.0.RELEASE.jar;F:\xuexi\repository\org\apache\tomcat\embed\tomcat-embed-core\9.0.12\tomcat-embed-core-9.0.12.jar;F:\xuexi\repository\org\apache\tomcat\embed\tomcat-embed-el\9.0.12\tomcat-embed-el-9.0.12.jar;F:\xuexi\repository\org\apache\tomcat\embed\tomcat-embed-websocket\9.0.12\tomcat-embed-websocket-9.0.12.jar;F:\xuexi\repository\org\hibernate\validator\hibernate-validator\6.0.13.Final\hibernate-validator-6.0.13.Final.jar;F:\xuexi\repository\javax\validation\validation-api\2.0.1.Final\validation-api-2.0.1.Final.jar;F:\xuexi\repository\org\jboss\logging\jboss-logging\3.3.2.Final\jboss-logging-3.3.2.Final.jar;F:\xuexi\repository\com\fasterxml\classmate\1.4.0\classmate-1.4.0.jar;F:\xuexi\repository\org\springframework\spring-web\5.1.2.RELEASE\spring-web-5.1.2.RELEASE.jar;F:\xuexi\repository\org\springframework\spring-beans\5.1.2.RELEASE\spring-beans-5.1.2.RELEASE.jar;F:\xuexi\repository\org\springframework\spring-webmvc\5.1.2.RELEASE\spring-webmvc-5.1.2.RELEASE.jar;F:\xuexi\repository\org\springframework\spring-aop\5.1.2.RELEASE\spring-aop-5.1.2.RELEASE.jar;F:\xuexi\repository\org\springframework\spring-context\5.1.2.RELEASE\spring-context-5.1.2.RELEASE.jar;F:\xuexi\repository\org\springframework\spring-expression\5.1.2.RELEASE\spring-expression-5.1.2.RELEASE.jar;F:\xuexi\repository\com\baomidou\mybatis-plus\3.1.1\mybatis-plus-3.1.1.jar;F:\xuexi\repository\com\baomidou\mybatis-plus-extension\3.1.1\mybatis-plus-extension-3.1.1.jar;F:\xuexi\repository\com\baomidou\mybatis-plus-core\3.1.1\mybatis-plus-core-3.1.1.jar;F:\xuexi\repository\com\baomidou\mybatis-plus-annotation\3.1.1\mybatis-plus-annotation-3.1.1.jar;F:\xuexi\repository\com\github\jsqlparser\jsqlparser\1.2\jsqlparser-1.2.jar;F:\xuexi\repository\org\mybatis\mybatis\3.5.1\mybatis-3.5.1.jar;F:\xuexi\repository\org\mybatis\mybatis-spring\2.0.1\mybatis-spring-2.0.1.jar;F:\xuexi\repository\com\baomidou\mybatis-plus-boot-starter\3.1.1\mybatis-plus-boot-starter-3.1.1.jar;F:\xuexi\repository\org\springframework\boot\spring-boot-autoconfigure\2.1.0.RELEASE\spring-boot-autoconfigure-2.1.0.RELEASE.jar;F:\xuexi\repository\org\springframework\boot\spring-boot-starter-jdbc\2.1.0.RELEASE\spring-boot-starter-jdbc-2.1.0.RELEASE.jar;F:\xuexi\repository\com\zaxxer\HikariCP\3.2.0\HikariCP-3.2.0.jar;F:\xuexi\repository\org\springframework\spring-jdbc\5.1.2.RELEASE\spring-jdbc-5.1.2.RELEASE.jar;F:\xuexi\repository\mysql\mysql-connector-java\5.1.47\mysql-connector-java-5.1.47.jar;F:\xuexi\repository\com\alibaba\druid\1.0.9\druid-1.0.9.jar;H:\Develop\Java\jdk1.8.0\jre\..\lib\jconsole.jar;H:\Develop\Java\jdk1.8.0\jre\..\lib\tools.jar;F:\xuexi\repository\org\projectlombok\lombok\1.18.4\lombok-1.18.4.jar;F:\xuexi\repository\org\apache\commons\commons-lang3\3.7\commons-lang3-3.7.jar;F:\xuexi\repository\com\fasterxml\jackson\core\jackson-databind\2.9.9\jackson-databind-2.9.9.jar;F:\xuexi\repository\com\fasterxml\jackson\core\jackson-annotations\2.9.0\jackson-annotations-2.9.0.jar;F:\xuexi\repository\com\fasterxml\jackson\core\jackson-core\2.9.9\jackson-core-2.9.9.jar;F:\xuexi\repository\commons-codec\commons-codec\1.11\commons-codec-1.11.jar;F:\xuexi\repository\joda-time\joda-time\2.5\joda-time-2.5.jar;F:\xuexi\repository\org\springframework\boot\spring-boot-starter-data-redis\2.1.0.RELEASE\spring-boot-starter-data-redis-2.1.0.RELEASE.jar;F:\xuexi\repository\org\springframework\data\spring-data-redis\2.1.2.RELEASE\spring-data-redis-2.1.2.RELEASE.jar;F:\xuexi\repository\org\springframework\data\spring-data-keyvalue\2.1.2.RELEASE\spring-data-keyvalue-2.1.2.RELEASE.jar;F:\xuexi\repository\org\springframework\data\spring-data-commons\2.1.2.RELEASE\spring-data-commons-2.1.2.RELEASE.jar;F:\xuexi\repository\org\springframework\spring-tx\5.1.2.RELEASE\spring-tx-5.1.2.RELEASE.jar;F:\xuexi\repository\org\springframework\spring-oxm\5.1.2.RELEASE\spring-oxm-5.1.2.RELEASE.jar;F:\xuexi\repository\org\springframework\spring-context-support\5.1.2.RELEASE\spring-context-support-5.1.2.RELEASE.jar;F:\xuexi\repository\io\lettuce\lettuce-core\5.1.2.RELEASE\lettuce-core-5.1.2.RELEASE.jar;F:\xuexi\repository\io\projectreactor\reactor-core\3.2.2.RELEASE\reactor-core-3.2.2.RELEASE.jar;F:\xuexi\repository\org\reactivestreams\reactive-streams\1.0.2\reactive-streams-1.0.2.jar;F:\xuexi\repository\io\netty\netty-common\4.1.29.Final\netty-common-4.1.29.Final.jar;F:\xuexi\repository\io\netty\netty-transport\4.1.29.Final\netty-transport-4.1.29.Final.jar;F:\xuexi\repository\io\netty\netty-buffer\4.1.29.Final\netty-buffer-4.1.29.Final.jar;F:\xuexi\repository\io\netty\netty-resolver\4.1.29.Final\netty-resolver-4.1.29.Final.jar;F:\xuexi\repository\io\netty\netty-handler\4.1.29.Final\netty-handler-4.1.29.Final.jar;F:\xuexi\repository\io\netty\netty-codec\4.1.29.Final\netty-codec-4.1.29.Final.jar;F:\xuexi\repository\org\apache\dubbo\dubbo-spring-boot-starter\2.7.5\dubbo-spring-boot-starter-2.7.5.jar;F:\xuexi\repository\org\apache\dubbo\dubbo-spring-boot-autoconfigure\2.7.5\dubbo-spring-boot-autoconfigure-2.7.5.jar;F:\xuexi\repository\org\apache\dubbo\dubbo-spring-boot-autoconfigure-compatible\2.7.5\dubbo-spring-boot-autoconfigure-compatible-2.7.5.jar;F:\xuexi\repository\org\apache\dubbo\dubbo\2.7.5\dubbo-2.7.5.jar;F:\xuexi\repository\com\alibaba\spring\spring-context-support\1.0.5\spring-context-support-1.0.5.jar;F:\xuexi\repository\org\javassist\javassist\3.20.0-GA\javassist-3.20.0-GA.jar;F:\xuexi\repository\io\netty\netty-all\4.1.29.Final\netty-all-4.1.29.Final.jar;F:\xuexi\repository\com\google\code\gson\gson\2.8.5\gson-2.8.5.jar;F:\xuexi\repository\org\apache\curator\curator-recipes\4.2.0\curator-recipes-4.2.0.jar;F:\xuexi\repository\org\apache\curator\curator-framework\4.2.0\curator-framework-4.2.0.jar;F:\xuexi\repository\org\apache\curator\curator-client\4.2.0\curator-client-4.2.0.jar;F:\xuexi\repository\org\apache\zookeeper\zookeeper\3.4.12\zookeeper-3.4.12.jar;F:\xuexi\repository\org\slf4j\slf4j-api\1.7.25\slf4j-api-1.7.25.jar;F:\xuexi\repository\org\slf4j\slf4j-log4j12\1.7.25\slf4j-log4j12-1.7.25.jar;F:\xuexi\repository\log4j\log4j\1.2.17\log4j-1.2.17.jar;F:\xuexi\repository\jline\jline\0.9.94\jline-0.9.94.jar;F:\xuexi\repository\org\apache\yetus\audience-annotations\0.5.0\audience-annotations-0.5.0.jar;F:\xuexi\repository\io\netty\netty\3.10.6.Final\netty-3.10.6.Final.jar;F:\xuexi\repository\cn\hutool\hutool-all\5.4.3\hutool-all-5.4.3.jar;F:\xuexi\repository\org\springframework\boot\spring-boot-starter-test\2.1.0.RELEASE\spring-boot-starter-test-2.1.0.RELEASE.jar;F:\xuexi\repository\org\springframework\boot\spring-boot-test\2.1.0.RELEASE\spring-boot-test-2.1.0.RELEASE.jar;F:\xuexi\repository\org\springframework\boot\spring-boot-test-autoconfigure\2.1.0.RELEASE\spring-boot-test-autoconfigure-2.1.0.RELEASE.jar;F:\xuexi\repository\com\jayway\jsonpath\json-path\2.4.0\json-path-2.4.0.jar;F:\xuexi\repository\net\minidev\json-smart\2.3\json-smart-2.3.jar;F:\xuexi\repository\net\minidev\accessors-smart\1.2\accessors-smart-1.2.jar;F:\xuexi\repository\org\ow2\asm\asm\5.0.4\asm-5.0.4.jar;F:\xuexi\repository\org\assertj\assertj-core\3.11.1\assertj-core-3.11.1.jar;F:\xuexi\repository\org\mockito\mockito-core\2.23.0\mockito-core-2.23.0.jar;F:\xuexi\repository\net\bytebuddy\byte-buddy\1.9.3\byte-buddy-1.9.3.jar;F:\xuexi\repository\net\bytebuddy\byte-buddy-agent\1.9.3\byte-buddy-agent-1.9.3.jar;F:\xuexi\repository\org\objenesis\objenesis\2.6\objenesis-2.6.jar;F:\xuexi\repository\org\hamcrest\hamcrest-core\1.3\hamcrest-core-1.3.jar;F:\xuexi\repository\org\hamcrest\hamcrest-library\1.3\hamcrest-library-1.3.jar;F:\xuexi\repository\org\skyscreamer\jsonassert\1.5.0\jsonassert-1.5.0.jar;F:\xuexi\repository\com\vaadin\external\google\android-json\0.0.20131108.vaadin1\android-json-0.0.20131108.vaadin1.jar;F:\xuexi\repository\org\springframework\spring-core\5.1.2.RELEASE\spring-core-5.1.2.RELEASE.jar;F:\xuexi\repository\org\springframework\spring-jcl\5.1.2.RELEASE\spring-jcl-5.1.2.RELEASE.jar;F:\xuexi\repository\org\springframework\spring-test\5.1.2.RELEASE\spring-test-5.1.2.RELEASE.jar;F:\xuexi\repository\org\xmlunit\xmlunit-core\2.6.2\xmlunit-core-2.6.2.jar;F:\xuexi\repository\junit\junit\4.12\junit-4.12.jar;F:\xuexi\repository\com\alibaba\fastjson\1.2.8\fastjson-1.2.8.jar;F:\xuexi\repository\com\apifan\common\common-random\1.0.5\common-random-1.0.5.jar;F:\xuexi\repository\org\apache\commons\commons-collections4\4.1\commons-collections4-4.1.jar;F:\xuexi\repository\commons-io\commons-io\2.6\commons-io-2.6.jar;F:\xuexi\repository\com\google\guava\guava\24.1.1-jre\guava-24.1.1-jre.jar;F:\xuexi\repository\com\google\code\findbugs\jsr305\1.3.9\jsr305-1.3.9.jar;F:\xuexi\repository\org\checkerframework\checker-compat-qual\2.0.0\checker-compat-qual-2.0.0.jar;F:\xuexi\repository\com\google\errorprone\error_prone_annotations\2.1.3\error_prone_annotations-2.1.3.jar;F:\xuexi\repository\com\google\j2objc\j2objc-annotations\1.1\j2objc-annotations-1.1.jar;F:\xuexi\repository\org\codehaus\mojo\animal-sniffer-annotations\1.14\animal-sniffer-annotations-1.14.jar;F:\xuexi\repository\io\github\biezhi\TinyPinyin\2.0.3.RELEASE\TinyPinyin-2.0.3.RELEASE.jar;F:\xuexi\repository\org\ahocorasick\ahocorasick\0.4.0\ahocorasick-0.4.0.jar;"/>
    <property name="java.vm.vendor" value="Oracle Corporation"/>
    <property name="sun.arch.data.model" value="64"/>
    <property name="user.variant" value=""/>
    <property name="java.vendor.url" value="http://java.oracle.com/"/>
    <property name="user.timezone" value="Asia/Shanghai"/>
    <property name="java.vm.specification.version" value="1.8"/>
    <property name="os.name" value="Windows 8.1"/>
    <property name="user.country" value="CN"/>
    <property name="sun.java.launcher" value="SUN_STANDARD"/>
    <property name="sun.boot.library.path" value="H:\Develop\Java\jdk1.8.0\jre\bin"/>
    <property name="sun.java.command" value="C:\Users\ADMINI~1\AppData\Local\Temp\surefire6371829367464839542\surefirebooter5135123399710083255.jar C:\Users\Administrator\AppData\Local\Temp\surefire6371829367464839542 2021-06-22T15-50-11_845-jvmRun1 surefire8154399797850243877tmp surefire_02777213180446675804tmp"/>
    <property name="surefire.test.class.path" value="H:\AllCode\projectCode\tanhua\tanhua-dubbo\tanhua-dubbo-service\target\test-classes;H:\AllCode\projectCode\tanhua\tanhua-dubbo\tanhua-dubbo-service\target\classes;H:\AllCode\projectCode\tanhua\tanhua-dubbo\tanhua-dubbo-interface\target\tanhua-dubbo-interface-1.0-SNAPSHOT.jar;H:\AllCode\projectCode\tanhua\tanhua-domain\target\tanhua-domain-1.0-SNAPSHOT.jar;F:\xuexi\repository\org\springframework\boot\spring-boot-starter-data-mongodb\2.1.0.RELEASE\spring-boot-starter-data-mongodb-2.1.0.RELEASE.jar;F:\xuexi\repository\org\mongodb\mongodb-driver\3.8.2\mongodb-driver-3.8.2.jar;F:\xuexi\repository\org\mongodb\bson\3.8.2\bson-3.8.2.jar;F:\xuexi\repository\org\mongodb\mongodb-driver-core\3.8.2\mongodb-driver-core-3.8.2.jar;F:\xuexi\repository\org\springframework\data\spring-data-mongodb\2.1.2.RELEASE\spring-data-mongodb-2.1.2.RELEASE.jar;F:\xuexi\repository\org\springframework\boot\spring-boot-starter-web\2.1.0.RELEASE\spring-boot-starter-web-2.1.0.RELEASE.jar;F:\xuexi\repository\org\springframework\boot\spring-boot-starter\2.1.0.RELEASE\spring-boot-starter-2.1.0.RELEASE.jar;F:\xuexi\repository\org\springframework\boot\spring-boot\2.1.0.RELEASE\spring-boot-2.1.0.RELEASE.jar;F:\xuexi\repository\org\springframework\boot\spring-boot-starter-logging\2.1.0.RELEASE\spring-boot-starter-logging-2.1.0.RELEASE.jar;F:\xuexi\repository\ch\qos\logback\logback-classic\1.2.3\logback-classic-1.2.3.jar;F:\xuexi\repository\ch\qos\logback\logback-core\1.2.3\logback-core-1.2.3.jar;F:\xuexi\repository\org\apache\logging\log4j\log4j-to-slf4j\2.11.1\log4j-to-slf4j-2.11.1.jar;F:\xuexi\repository\org\apache\logging\log4j\log4j-api\2.11.1\log4j-api-2.11.1.jar;F:\xuexi\repository\org\slf4j\jul-to-slf4j\1.7.25\jul-to-slf4j-1.7.25.jar;F:\xuexi\repository\javax\annotation\javax.annotation-api\1.3.2\javax.annotation-api-1.3.2.jar;F:\xuexi\repository\org\yaml\snakeyaml\1.23\snakeyaml-1.23.jar;F:\xuexi\repository\org\springframework\boot\spring-boot-starter-json\2.1.0.RELEASE\spring-boot-starter-json-2.1.0.RELEASE.jar;F:\xuexi\repository\com\fasterxml\jackson\datatype\jackson-datatype-jdk8\2.9.9\jackson-datatype-jdk8-2.9.9.jar;F:\xuexi\repository\com\fasterxml\jackson\datatype\jackson-datatype-jsr310\2.9.9\jackson-datatype-jsr310-2.9.9.jar;F:\xuexi\repository\com\fasterxml\jackson\module\jackson-module-parameter-names\2.9.9\jackson-module-parameter-names-2.9.9.jar;F:\xuexi\repository\org\springframework\boot\spring-boot-starter-tomcat\2.1.0.RELEASE\spring-boot-starter-tomcat-2.1.0.RELEASE.jar;F:\xuexi\repository\org\apache\tomcat\embed\tomcat-embed-core\9.0.12\tomcat-embed-core-9.0.12.jar;F:\xuexi\repository\org\apache\tomcat\embed\tomcat-embed-el\9.0.12\tomcat-embed-el-9.0.12.jar;F:\xuexi\repository\org\apache\tomcat\embed\tomcat-embed-websocket\9.0.12\tomcat-embed-websocket-9.0.12.jar;F:\xuexi\repository\org\hibernate\validator\hibernate-validator\6.0.13.Final\hibernate-validator-6.0.13.Final.jar;F:\xuexi\repository\javax\validation\validation-api\2.0.1.Final\validation-api-2.0.1.Final.jar;F:\xuexi\repository\org\jboss\logging\jboss-logging\3.3.2.Final\jboss-logging-3.3.2.Final.jar;F:\xuexi\repository\com\fasterxml\classmate\1.4.0\classmate-1.4.0.jar;F:\xuexi\repository\org\springframework\spring-web\5.1.2.RELEASE\spring-web-5.1.2.RELEASE.jar;F:\xuexi\repository\org\springframework\spring-beans\5.1.2.RELEASE\spring-beans-5.1.2.RELEASE.jar;F:\xuexi\repository\org\springframework\spring-webmvc\5.1.2.RELEASE\spring-webmvc-5.1.2.RELEASE.jar;F:\xuexi\repository\org\springframework\spring-aop\5.1.2.RELEASE\spring-aop-5.1.2.RELEASE.jar;F:\xuexi\repository\org\springframework\spring-context\5.1.2.RELEASE\spring-context-5.1.2.RELEASE.jar;F:\xuexi\repository\org\springframework\spring-expression\5.1.2.RELEASE\spring-expression-5.1.2.RELEASE.jar;F:\xuexi\repository\com\baomidou\mybatis-plus\3.1.1\mybatis-plus-3.1.1.jar;F:\xuexi\repository\com\baomidou\mybatis-plus-extension\3.1.1\mybatis-plus-extension-3.1.1.jar;F:\xuexi\repository\com\baomidou\mybatis-plus-core\3.1.1\mybatis-plus-core-3.1.1.jar;F:\xuexi\repository\com\baomidou\mybatis-plus-annotation\3.1.1\mybatis-plus-annotation-3.1.1.jar;F:\xuexi\repository\com\github\jsqlparser\jsqlparser\1.2\jsqlparser-1.2.jar;F:\xuexi\repository\org\mybatis\mybatis\3.5.1\mybatis-3.5.1.jar;F:\xuexi\repository\org\mybatis\mybatis-spring\2.0.1\mybatis-spring-2.0.1.jar;F:\xuexi\repository\com\baomidou\mybatis-plus-boot-starter\3.1.1\mybatis-plus-boot-starter-3.1.1.jar;F:\xuexi\repository\org\springframework\boot\spring-boot-autoconfigure\2.1.0.RELEASE\spring-boot-autoconfigure-2.1.0.RELEASE.jar;F:\xuexi\repository\org\springframework\boot\spring-boot-starter-jdbc\2.1.0.RELEASE\spring-boot-starter-jdbc-2.1.0.RELEASE.jar;F:\xuexi\repository\com\zaxxer\HikariCP\3.2.0\HikariCP-3.2.0.jar;F:\xuexi\repository\org\springframework\spring-jdbc\5.1.2.RELEASE\spring-jdbc-5.1.2.RELEASE.jar;F:\xuexi\repository\mysql\mysql-connector-java\5.1.47\mysql-connector-java-5.1.47.jar;F:\xuexi\repository\com\alibaba\druid\1.0.9\druid-1.0.9.jar;H:\Develop\Java\jdk1.8.0\jre\..\lib\jconsole.jar;H:\Develop\Java\jdk1.8.0\jre\..\lib\tools.jar;F:\xuexi\repository\org\projectlombok\lombok\1.18.4\lombok-1.18.4.jar;F:\xuexi\repository\org\apache\commons\commons-lang3\3.7\commons-lang3-3.7.jar;F:\xuexi\repository\com\fasterxml\jackson\core\jackson-databind\2.9.9\jackson-databind-2.9.9.jar;F:\xuexi\repository\com\fasterxml\jackson\core\jackson-annotations\2.9.0\jackson-annotations-2.9.0.jar;F:\xuexi\repository\com\fasterxml\jackson\core\jackson-core\2.9.9\jackson-core-2.9.9.jar;F:\xuexi\repository\commons-codec\commons-codec\1.11\commons-codec-1.11.jar;F:\xuexi\repository\joda-time\joda-time\2.5\joda-time-2.5.jar;F:\xuexi\repository\org\springframework\boot\spring-boot-starter-data-redis\2.1.0.RELEASE\spring-boot-starter-data-redis-2.1.0.RELEASE.jar;F:\xuexi\repository\org\springframework\data\spring-data-redis\2.1.2.RELEASE\spring-data-redis-2.1.2.RELEASE.jar;F:\xuexi\repository\org\springframework\data\spring-data-keyvalue\2.1.2.RELEASE\spring-data-keyvalue-2.1.2.RELEASE.jar;F:\xuexi\repository\org\springframework\data\spring-data-commons\2.1.2.RELEASE\spring-data-commons-2.1.2.RELEASE.jar;F:\xuexi\repository\org\springframework\spring-tx\5.1.2.RELEASE\spring-tx-5.1.2.RELEASE.jar;F:\xuexi\repository\org\springframework\spring-oxm\5.1.2.RELEASE\spring-oxm-5.1.2.RELEASE.jar;F:\xuexi\repository\org\springframework\spring-context-support\5.1.2.RELEASE\spring-context-support-5.1.2.RELEASE.jar;F:\xuexi\repository\io\lettuce\lettuce-core\5.1.2.RELEASE\lettuce-core-5.1.2.RELEASE.jar;F:\xuexi\repository\io\projectreactor\reactor-core\3.2.2.RELEASE\reactor-core-3.2.2.RELEASE.jar;F:\xuexi\repository\org\reactivestreams\reactive-streams\1.0.2\reactive-streams-1.0.2.jar;F:\xuexi\repository\io\netty\netty-common\4.1.29.Final\netty-common-4.1.29.Final.jar;F:\xuexi\repository\io\netty\netty-transport\4.1.29.Final\netty-transport-4.1.29.Final.jar;F:\xuexi\repository\io\netty\netty-buffer\4.1.29.Final\netty-buffer-4.1.29.Final.jar;F:\xuexi\repository\io\netty\netty-resolver\4.1.29.Final\netty-resolver-4.1.29.Final.jar;F:\xuexi\repository\io\netty\netty-handler\4.1.29.Final\netty-handler-4.1.29.Final.jar;F:\xuexi\repository\io\netty\netty-codec\4.1.29.Final\netty-codec-4.1.29.Final.jar;F:\xuexi\repository\org\apache\dubbo\dubbo-spring-boot-starter\2.7.5\dubbo-spring-boot-starter-2.7.5.jar;F:\xuexi\repository\org\apache\dubbo\dubbo-spring-boot-autoconfigure\2.7.5\dubbo-spring-boot-autoconfigure-2.7.5.jar;F:\xuexi\repository\org\apache\dubbo\dubbo-spring-boot-autoconfigure-compatible\2.7.5\dubbo-spring-boot-autoconfigure-compatible-2.7.5.jar;F:\xuexi\repository\org\apache\dubbo\dubbo\2.7.5\dubbo-2.7.5.jar;F:\xuexi\repository\com\alibaba\spring\spring-context-support\1.0.5\spring-context-support-1.0.5.jar;F:\xuexi\repository\org\javassist\javassist\3.20.0-GA\javassist-3.20.0-GA.jar;F:\xuexi\repository\io\netty\netty-all\4.1.29.Final\netty-all-4.1.29.Final.jar;F:\xuexi\repository\com\google\code\gson\gson\2.8.5\gson-2.8.5.jar;F:\xuexi\repository\org\apache\curator\curator-recipes\4.2.0\curator-recipes-4.2.0.jar;F:\xuexi\repository\org\apache\curator\curator-framework\4.2.0\curator-framework-4.2.0.jar;F:\xuexi\repository\org\apache\curator\curator-client\4.2.0\curator-client-4.2.0.jar;F:\xuexi\repository\org\apache\zookeeper\zookeeper\3.4.12\zookeeper-3.4.12.jar;F:\xuexi\repository\org\slf4j\slf4j-api\1.7.25\slf4j-api-1.7.25.jar;F:\xuexi\repository\org\slf4j\slf4j-log4j12\1.7.25\slf4j-log4j12-1.7.25.jar;F:\xuexi\repository\log4j\log4j\1.2.17\log4j-1.2.17.jar;F:\xuexi\repository\jline\jline\0.9.94\jline-0.9.94.jar;F:\xuexi\repository\org\apache\yetus\audience-annotations\0.5.0\audience-annotations-0.5.0.jar;F:\xuexi\repository\io\netty\netty\3.10.6.Final\netty-3.10.6.Final.jar;F:\xuexi\repository\cn\hutool\hutool-all\5.4.3\hutool-all-5.4.3.jar;F:\xuexi\repository\org\springframework\boot\spring-boot-starter-test\2.1.0.RELEASE\spring-boot-starter-test-2.1.0.RELEASE.jar;F:\xuexi\repository\org\springframework\boot\spring-boot-test\2.1.0.RELEASE\spring-boot-test-2.1.0.RELEASE.jar;F:\xuexi\repository\org\springframework\boot\spring-boot-test-autoconfigure\2.1.0.RELEASE\spring-boot-test-autoconfigure-2.1.0.RELEASE.jar;F:\xuexi\repository\com\jayway\jsonpath\json-path\2.4.0\json-path-2.4.0.jar;F:\xuexi\repository\net\minidev\json-smart\2.3\json-smart-2.3.jar;F:\xuexi\repository\net\minidev\accessors-smart\1.2\accessors-smart-1.2.jar;F:\xuexi\repository\org\ow2\asm\asm\5.0.4\asm-5.0.4.jar;F:\xuexi\repository\org\assertj\assertj-core\3.11.1\assertj-core-3.11.1.jar;F:\xuexi\repository\org\mockito\mockito-core\2.23.0\mockito-core-2.23.0.jar;F:\xuexi\repository\net\bytebuddy\byte-buddy\1.9.3\byte-buddy-1.9.3.jar;F:\xuexi\repository\net\bytebuddy\byte-buddy-agent\1.9.3\byte-buddy-agent-1.9.3.jar;F:\xuexi\repository\org\objenesis\objenesis\2.6\objenesis-2.6.jar;F:\xuexi\repository\org\hamcrest\hamcrest-core\1.3\hamcrest-core-1.3.jar;F:\xuexi\repository\org\hamcrest\hamcrest-library\1.3\hamcrest-library-1.3.jar;F:\xuexi\repository\org\skyscreamer\jsonassert\1.5.0\jsonassert-1.5.0.jar;F:\xuexi\repository\com\vaadin\external\google\android-json\0.0.20131108.vaadin1\android-json-0.0.20131108.vaadin1.jar;F:\xuexi\repository\org\springframework\spring-core\5.1.2.RELEASE\spring-core-5.1.2.RELEASE.jar;F:\xuexi\repository\org\springframework\spring-jcl\5.1.2.RELEASE\spring-jcl-5.1.2.RELEASE.jar;F:\xuexi\repository\org\springframework\spring-test\5.1.2.RELEASE\spring-test-5.1.2.RELEASE.jar;F:\xuexi\repository\org\xmlunit\xmlunit-core\2.6.2\xmlunit-core-2.6.2.jar;F:\xuexi\repository\junit\junit\4.12\junit-4.12.jar;F:\xuexi\repository\com\alibaba\fastjson\1.2.8\fastjson-1.2.8.jar;F:\xuexi\repository\com\apifan\common\common-random\1.0.5\common-random-1.0.5.jar;F:\xuexi\repository\org\apache\commons\commons-collections4\4.1\commons-collections4-4.1.jar;F:\xuexi\repository\commons-io\commons-io\2.6\commons-io-2.6.jar;F:\xuexi\repository\com\google\guava\guava\24.1.1-jre\guava-24.1.1-jre.jar;F:\xuexi\repository\com\google\code\findbugs\jsr305\1.3.9\jsr305-1.3.9.jar;F:\xuexi\repository\org\checkerframework\checker-compat-qual\2.0.0\checker-compat-qual-2.0.0.jar;F:\xuexi\repository\com\google\errorprone\error_prone_annotations\2.1.3\error_prone_annotations-2.1.3.jar;F:\xuexi\repository\com\google\j2objc\j2objc-annotations\1.1\j2objc-annotations-1.1.jar;F:\xuexi\repository\org\codehaus\mojo\animal-sniffer-annotations\1.14\animal-sniffer-annotations-1.14.jar;F:\xuexi\repository\io\github\biezhi\TinyPinyin\2.0.3.RELEASE\TinyPinyin-2.0.3.RELEASE.jar;F:\xuexi\repository\org\ahocorasick\ahocorasick\0.4.0\ahocorasick-0.4.0.jar;"/>
    <property name="sun.cpu.endian" value="little"/>
    <property name="user.home" value="C:\Users\Administrator"/>
    <property name="user.language" value="zh"/>
    <property name="java.specification.vendor" value="Oracle Corporation"/>
    <property name="java.home" value="H:\Develop\Java\jdk1.8.0\jre"/>
    <property name="basedir" value="H:\AllCode\projectCode\tanhua\tanhua-dubbo\tanhua-dubbo-service"/>
    <property name="file.separator" value="\"/>
    <property name="line.separator" value="&#10;"/>
    <property name="java.vm.specification.vendor" value="Oracle Corporation"/>
    <property name="java.specification.name" value="Java Platform API Specification"/>
    <property name="java.awt.graphicsenv" value="sun.awt.Win32GraphicsEnvironment"/>
    <property name="idea.version2020.1.3" value="true"/>
    <property name="surefire.real.class.path" value="C:\Users\ADMINI~1\AppData\Local\Temp\surefire6371829367464839542\surefirebooter5135123399710083255.jar"/>
    <property name="sun.boot.class.path" value="H:\Develop\Java\jdk1.8.0\jre\lib\resources.jar;H:\Develop\Java\jdk1.8.0\jre\lib\rt.jar;H:\Develop\Java\jdk1.8.0\jre\lib\sunrsasign.jar;H:\Develop\Java\jdk1.8.0\jre\lib\jsse.jar;H:\Develop\Java\jdk1.8.0\jre\lib\jce.jar;H:\Develop\Java\jdk1.8.0\jre\lib\charsets.jar;H:\Develop\Java\jdk1.8.0\jre\lib\jfr.jar;H:\Develop\Java\jdk1.8.0\jre\classes"/>
    <property name="user.script" value=""/>
    <property name="sun.management.compiler" value="HotSpot 64-Bit Tiered Compilers"/>
    <property name="java.runtime.version" value="1.8.0_45-b14"/>
    <property name="user.name" value="Cat"/>
    <property name="path.separator" value=";"/>
    <property name="os.version" value="6.3"/>
    <property name="java.endorsed.dirs" value="H:\Develop\Java\jdk1.8.0\jre\lib\endorsed"/>
    <property name="java.runtime.name" value="Java(TM) SE Runtime Environment"/>
    <property name="file.encoding" value="GBK"/>
    <property name="java.vm.name" value="Java HotSpot(TM) 64-Bit Server VM"/>
    <property name="localRepository" value="F:\xuexi\repository"/>
    <property name="java.vendor.url.bug" value="http://bugreport.sun.com/bugreport/"/>
    <property name="java.io.tmpdir" value="C:\Users\ADMINI~1\AppData\Local\Temp\"/>
    <property name="java.version" value="1.8.0_45"/>
    <property name="user.dir" value="H:\AllCode\projectCode\tanhua\tanhua-dubbo\tanhua-dubbo-service"/>
    <property name="os.arch" value="amd64"/>
    <property name="java.vm.specification.name" value="Java Virtual Machine Specification"/>
    <property name="java.awt.printerjob" value="sun.awt.windows.WPrinterJob"/>
    <property name="sun.os.patch.level" value=""/>
    <property name="java.library.path" value="H:\Develop\Java\jdk1.8.0\jre\bin;C:\Windows\Sun\Java\bin;C:\Windows\system32;C:\Windows;H:\Develop\mysql-5.7.29-winx64\mysql-5.7.29-winx64\bin;H:\Develop\Java\jdk1.8.0\bin;C:\Windows\system32;C:\Windows;C:\Windows\System32\Wbem;C:\Windows\System32\WindowsPowerShell\v1.0\;C:\Windows\System32\OpenSSH\;H:\Develop\apache-maven-3.3.9\bin;H:\Develop\VisualSVN-Server-3.4.2-x64.msi\bin;H:\Develop\TortoiseSVN\bin;H:\Develop\GitService\cmd;C:\Program Files\TortoiseGit\bin;C:\Users\Administrator\AppData\Local\Microsoft\WindowsApps;C:\Users\Administrator\AppData\Local\GitHubDesktop\bin;."/>
    <property name="java.vm.info" value="mixed mode"/>
    <property name="java.vendor" value="Oracle Corporation"/>
    <property name="java.vm.version" value="25.45-b02"/>
    <property name="java.ext.dirs" value="H:\Develop\Java\jdk1.8.0\jre\lib\ext;C:\Windows\Sun\Java\lib\ext"/>
    <property name="sun.io.unicode.encoding" value="UnicodeLittle"/>
    <property name="java.class.version" value="52.0"/>
  </properties>
  <testcase name="friend" classname="com.tanhua.dubbo.api.TestDemo" time="0"/>
  <testcase name="testQuestions" classname="com.tanhua.dubbo.api.TestDemo" time="0.06"/>
  <testcase name="questiongrade" classname="com.tanhua.dubbo.api.TestDemo" time="0.073"/>
  <testcase name="userLike" classname="com.tanhua.dubbo.api.TestDemo" time="0.074"/>
  <testcase name="scoringBasis" classname="com.tanhua.dubbo.api.TestDemo" time="0.117"/>
  <testcase name="score" classname="com.tanhua.dubbo.api.TestDemo" time="0.026"/>
  <testcase name="voice" classname="com.tanhua.dubbo.api.TestDemo" time="0.016"/>
  <testcase name="grading" classname="com.tanhua.dubbo.api.TestDemo" time="0.016"/>
</testsuite>